<?xml version="1.0" encoding="UTF-8"?>
<!-- Generated by org.testng.reporters.JUnitReportReporter -->
<testsuite hostname="DESKTOP-NI4ADK7" failures="0" tests="4" name="com.reqrestesting.api.tests.TestIntegration" time="2.773" errors="0" timestamp="2022-11-21T15:07:14 PKT" skipped="0">
  <testcase classname="com.reqrestesting.api.tests.TestIntegration" name="testTask4" time="0.569"/>
  <system-out/>
  <testcase classname="com.reqrestesting.api.tests.TestIntegration" name="testTask3" time="0.755"/>
  <system-out/>
  <testcase classname="com.reqrestesting.api.tests.TestIntegration" name="testTask5" time="0.460"/>
  <system-out/>
  <testcase classname="com.reqrestesting.api.tests.TestIntegration" name="testTask1" time="0.989"/>
  <system-out/>
</testsuite> <!-- com.reqrestesting.api.tests.TestIntegration -->
