<?xml version="1.0" encoding="UTF-8"?>
<!-- Generated by org.testng.reporters.JUnitReportReporter -->
<testsuite hostname="DESKTOP-NI4ADK7" failures="0" tests="1" name="com.reqrestesting.api.tests.TestUPDATEUser" time="5.743" errors="0" timestamp="2022-11-19T20:57:59 PKT" skipped="0">
  <testcase classname="com.reqrestesting.api.tests.TestUPDATEUser" name="testUPDATEMyUser" time="5.743"/>
  <system-out/>
</testsuite> <!-- com.reqrestesting.api.tests.TestUPDATEUser -->
