<?xml version="1.0" encoding="UTF-8"?>
<!-- Generated by org.testng.reporters.JUnitReportReporter -->
<testsuite hostname="DESKTOP-NI4ADK7" failures="0" tests="5" name="com.reqrestesting.api.tests.ExcelUtilTest" time="3.337" errors="0" timestamp="2022-11-03T16:54:09 PKT" skipped="0">
  <testcase classname="com.reqrestesting.api.tests.ExcelUtilTest" name="userDetails" time="0.404"/>
  <system-out/>
  <testcase classname="com.reqrestesting.api.tests.ExcelUtilTest" name="userDetails" time="1.812"/>
  <system-out/>
  <testcase classname="com.reqrestesting.api.tests.ExcelUtilTest" name="userDetails" time="0.408"/>
  <system-out/>
  <testcase classname="com.reqrestesting.api.tests.ExcelUtilTest" name="userDetails" time="0.398"/>
  <system-out/>
  <testcase classname="com.reqrestesting.api.tests.ExcelUtilTest" name="userDetails" time="0.315"/>
  <system-out/>
</testsuite> <!-- com.reqrestesting.api.tests.ExcelUtilTest -->
