<?xml version="1.0" encoding="UTF-8"?>
<!-- Generated by org.testng.reporters.JUnitReportReporter -->
<testsuite hostname="DESKTOP-NI4ADK7" failures="0" tests="6" name="com.reqrestesting.api.tests.RestfulBookerScenario1" time="16.900" errors="0" timestamp="2022-10-30T22:08:22 PKT" skipped="0">
  <testcase classname="com.reqrestesting.api.tests.RestfulBookerScenario1" name="testTask5" time="3.118"/>
  <system-out/>
  <testcase classname="com.reqrestesting.api.tests.RestfulBookerScenario1" name="testTask6" time="1.415"/>
  <system-out/>
  <testcase classname="com.reqrestesting.api.tests.RestfulBookerScenario1" name="testTask4" time="2.479"/>
  <system-out/>
  <testcase classname="com.reqrestesting.api.tests.RestfulBookerScenario1" name="testTask1" time="6.787"/>
  <system-out/>
  <testcase classname="com.reqrestesting.api.tests.RestfulBookerScenario1" name="testTask3" time="1.602"/>
  <system-out/>
  <testcase classname="com.reqrestesting.api.tests.RestfulBookerScenario1" name="testTask2" time="1.499"/>
  <system-out/>
</testsuite> <!-- com.reqrestesting.api.tests.RestfulBookerScenario1 -->
