<?xml version="1.0" encoding="UTF-8"?>
<!-- Generated by org.testng.reporters.JUnitReportReporter -->
<testsuite hostname="DESKTOP-NI4ADK7" failures="0" tests="1" name="com.reqrestesting.api.tests.TestPATCHUser" time="1.840" errors="0" timestamp="2022-11-19T20:57:59 PKT" skipped="0">
  <testcase classname="com.reqrestesting.api.tests.TestPATCHUser" name="testPartialUPDATEUser" time="1.840"/>
  <system-out/>
</testsuite> <!-- com.reqrestesting.api.tests.TestPATCHUser -->
