<?xml version="1.0" encoding="UTF-8"?>
<!-- Generated by org.testng.reporters.JUnitReportReporter -->
<testsuite hostname="DESKTOP-NI4ADK7" failures="0" tests="1" name="com.reqrestesting.api.tests.TestGETUser" time="2.598" errors="0" timestamp="2022-11-19T20:57:59 PKT" skipped="0">
  <testcase classname="com.reqrestesting.api.tests.TestGETUser" name="testGETAllUser" time="2.598"/>
  <system-out/>
</testsuite> <!-- com.reqrestesting.api.tests.TestGETUser -->
