<?xml version="1.0" encoding="UTF-8"?>
<!-- Generated by org.testng.reporters.JUnitReportReporter -->
<testsuite hostname="DESKTOP-NI4ADK7" failures="0" tests="5" name="com.reqrestesting.api.tests.DeleteScenarioReqres" time="6.288" errors="0" timestamp="2022-10-31T15:45:38 PKT" skipped="0">
  <testcase classname="com.reqrestesting.api.tests.DeleteScenarioReqres" name="userDetails" time="0.926"/>
  <system-out/>
  <testcase classname="com.reqrestesting.api.tests.DeleteScenarioReqres" name="userDetails" time="0.643"/>
  <system-out/>
  <testcase classname="com.reqrestesting.api.tests.DeleteScenarioReqres" name="userDetails" time="0.279"/>
  <system-out/>
  <testcase classname="com.reqrestesting.api.tests.DeleteScenarioReqres" name="userDetails" time="1.253"/>
  <system-out/>
  <testcase classname="com.reqrestesting.api.tests.DeleteScenarioReqres" name="userDetails" time="3.187"/>
  <system-out/>
</testsuite> <!-- com.reqrestesting.api.tests.DeleteScenarioReqres -->
