<?xml version="1.0" encoding="UTF-8"?>
<!-- Generated by org.testng.reporters.JUnitReportReporter -->
<testsuite hostname="EshaImran-G7" failures="0" tests="2" name="test.SauceDemoLoginPageTest" time="10.782" errors="0" timestamp="2023-11-03T00:35:47 PKT" skipped="0">
  <testcase classname="test.SauceDemoLoginPageTest" name="validLogin" time="0.647"/>
  <system-out/>
  <testcase classname="test.SauceDemoLoginPageTest" name="invalidLogin" time="10.135"/>
  <system-out/>
</testsuite> <!-- test.SauceDemoLoginPageTest -->
